<?xml version="1.0" encoding="UTF-8"?>
<coverage generated="1740689675209" clover="3.2.0">
  <project timestamp="1740689675209" name="All files">
    <metrics statements="41" coveredstatements="25" conditionals="30" coveredconditionals="13" methods="12" coveredmethods="6" elements="83" coveredelements="44" complexity="0" loc="41" ncloc="41" packages="6" files="9" classes="9"/>
    <package name="app">
      <metrics statements="2" coveredstatements="2" conditionals="18" coveredconditionals="9" methods="1" coveredmethods="1"/>
      <file name="styles.tsx" path="C:\Projects\SOEN 390 -2\SOEN390_PathFinders\frontend\app\styles.tsx">
        <metrics statements="2" coveredstatements="2" conditionals="18" coveredconditionals="9" methods="1" coveredmethods="1"/>
        <line num="3" count="3" type="stmt"/>
        <line num="4" count="5" type="stmt"/>
      </file>
    </package>
    <package name="app.components.context">
      <metrics statements="15" coveredstatements="6" conditionals="2" coveredconditionals="0" methods="4" coveredmethods="1"/>
      <file name="ThemeContext.tsx" path="C:\Projects\SOEN 390 -2\SOEN390_PathFinders\frontend\app\components\context\ThemeContext.tsx">
        <metrics statements="15" coveredstatements="6" conditionals="2" coveredconditionals="0" methods="4" coveredmethods="1"/>
        <line num="12" count="5" type="stmt"/>
        <line num="19" count="5" type="stmt"/>
        <line num="20" count="4" type="stmt"/>
        <line num="22" count="4" type="stmt"/>
        <line num="24" count="0" type="stmt"/>
        <line num="25" count="0" type="stmt"/>
        <line num="26" count="0" type="stmt"/>
        <line num="27" count="0" type="cond" truecount="0" falsecount="2"/>
        <line num="28" count="0" type="stmt"/>
        <line num="31" count="0" type="stmt"/>
        <line num="34" count="0" type="stmt"/>
        <line num="37" count="4" type="stmt"/>
        <line num="38" count="0" type="stmt"/>
        <line num="39" count="0" type="stmt"/>
        <line num="42" count="4" type="stmt"/>
      </file>
    </package>
    <package name="app.components.ui">
      <metrics statements="13" coveredstatements="11" conditionals="8" coveredconditionals="3" methods="4" coveredmethods="3"/>
      <file name="AppLogo.tsx" path="C:\Projects\SOEN 390 -2\SOEN390_PathFinders\frontend\app\components\ui\AppLogo.tsx">
        <metrics statements="3" coveredstatements="3" conditionals="2" coveredconditionals="1" methods="1" coveredmethods="1"/>
        <line num="8" count="2" type="stmt"/>
        <line num="9" count="2" type="stmt"/>
        <line num="19" count="3" type="stmt"/>
      </file>
      <file name="CampusPilotHeader.tsx" path="C:\Projects\SOEN 390 -2\SOEN390_PathFinders\frontend\app\components\ui\CampusPilotHeader.tsx">
        <metrics statements="4" coveredstatements="4" conditionals="0" coveredconditionals="0" methods="1" coveredmethods="1"/>
        <line num="10" count="2" type="stmt"/>
        <line num="11" count="2" type="stmt"/>
        <line num="13" count="2" type="stmt"/>
        <line num="32" count="2" type="stmt"/>
      </file>
      <file name="ThemeToggle.tsx" path="C:\Projects\SOEN 390 -2\SOEN390_PathFinders\frontend\app\components\ui\ThemeToggle.tsx">
        <metrics statements="6" coveredstatements="4" conditionals="6" coveredconditionals="2" methods="2" coveredmethods="1"/>
        <line num="9" count="3" type="stmt"/>
        <line num="10" count="3" type="stmt"/>
        <line num="12" count="3" type="stmt"/>
        <line num="13" count="0" type="cond" truecount="0" falsecount="2"/>
        <line num="14" count="0" type="stmt"/>
        <line num="17" count="3" type="stmt"/>
      </file>
    </package>
    <package name="app.drawer">
      <metrics statements="4" coveredstatements="0" conditionals="0" coveredconditionals="0" methods="2" coveredmethods="0"/>
      <file name="CustomDrawerContent.tsx" path="C:\Projects\SOEN 390 -2\SOEN390_PathFinders\frontend\app\drawer\CustomDrawerContent.tsx">
        <metrics statements="4" coveredstatements="0" conditionals="0" coveredconditionals="0" methods="2" coveredmethods="0"/>
        <line num="15" count="0" type="stmt"/>
        <line num="16" count="0" type="stmt"/>
        <line num="17" count="0" type="stmt"/>
        <line num="20" count="0" type="stmt"/>
      </file>
    </package>
    <package name="app.hooks">
      <metrics statements="5" coveredstatements="4" conditionals="2" coveredconditionals="1" methods="1" coveredmethods="1"/>
      <file name="useTheme.ts" path="C:\Projects\SOEN 390 -2\SOEN390_PathFinders\frontend\app\hooks\useTheme.ts">
        <metrics statements="5" coveredstatements="4" conditionals="2" coveredconditionals="1" methods="1" coveredmethods="1"/>
        <line num="6" count="4" type="stmt"/>
        <line num="7" count="7" type="stmt"/>
        <line num="9" count="7" type="cond" truecount="1" falsecount="1"/>
        <line num="10" count="0" type="stmt"/>
        <line num="13" count="7" type="stmt"/>
      </file>
    </package>
    <package name="assets.images">
      <metrics statements="2" coveredstatements="2" conditionals="0" coveredconditionals="0" methods="0" coveredmethods="0"/>
      <file name="logo.png" path="C:\Projects\SOEN 390 -2\SOEN390_PathFinders\frontend\assets\images\logo.png">
        <metrics statements="1" coveredstatements="1" conditionals="0" coveredconditionals="0" methods="0" coveredmethods="0"/>
        <line num="1" count="2" type="stmt"/>
      </file>
      <file name="sleep-mode.png" path="C:\Projects\SOEN 390 -2\SOEN390_PathFinders\frontend\assets\images\sleep-mode.png">
        <metrics statements="1" coveredstatements="1" conditionals="0" coveredconditionals="0" methods="0" coveredmethods="0"/>
        <line num="1" count="3" type="stmt"/>
      </file>
    </package>
  </project>
</coverage>
