{"C:\\Projects\\SOEN 390 -2\\SOEN390_PathFinders\\frontend\\app\\styles.tsx": {"path":"C:\\Projects\\SOEN 390 -2\\SOEN390_PathFinders\\frontend\\app\\styles.tsx","statementMap":{"0":{"start":{"line":3,"column":25},"end":{"line":91,"column":4}},"1":{"start":{"line":4,"column":2},"end":{"line":91,"column":4}}},"fnMap":{"0":{"name":"(anonymous_0)","decl":{"start":{"line":3,"column":25},"end":{"line":3,"column":26}},"loc":{"start":{"line":4,"column":2},"end":{"line":91,"column":4}},"line":4}},"branchMap":{"0":{"loc":{"start":{"line":6,"column":13},"end":{"line":6,"column":47}},"type":"cond-expr","locations":[{"start":{"line":6,"column":32},"end":{"line":6,"column":38}},{"start":{"line":6,"column":41},"end":{"line":6,"column":47}}],"line":6},"1":{"loc":{"start":{"line":15,"column":23},"end":{"line":15,"column":57}},"type":"cond-expr","locations":[{"start":{"line":15,"column":42},"end":{"line":15,"column":48}},{"start":{"line":15,"column":51},"end":{"line":15,"column":57}}],"line":15},"2":{"loc":{"start":{"line":21,"column":13},"end":{"line":21,"column":47}},"type":"cond-expr","locations":[{"start":{"line":21,"column":32},"end":{"line":21,"column":38}},{"start":{"line":21,"column":41},"end":{"line":21,"column":47}}],"line":21},"3":{"loc":{"start":{"line":26,"column":23},"end":{"line":26,"column":57}},"type":"cond-expr","locations":[{"start":{"line":26,"column":42},"end":{"line":26,"column":48}},{"start":{"line":26,"column":51},"end":{"line":26,"column":57}}],"line":26},"4":{"loc":{"start":{"line":33,"column":23},"end":{"line":33,"column":56}},"type":"cond-expr","locations":[{"start":{"line":33,"column":42},"end":{"line":33,"column":48}},{"start":{"line":33,"column":51},"end":{"line":33,"column":56}}],"line":33},"5":{"loc":{"start":{"line":45,"column":23},"end":{"line":45,"column":57}},"type":"cond-expr","locations":[{"start":{"line":45,"column":42},"end":{"line":45,"column":48}},{"start":{"line":45,"column":51},"end":{"line":45,"column":57}}],"line":45},"6":{"loc":{"start":{"line":51,"column":13},"end":{"line":51,"column":47}},"type":"cond-expr","locations":[{"start":{"line":51,"column":32},"end":{"line":51,"column":38}},{"start":{"line":51,"column":41},"end":{"line":51,"column":47}}],"line":51},"7":{"loc":{"start":{"line":67,"column":13},"end":{"line":67,"column":47}},"type":"cond-expr","locations":[{"start":{"line":67,"column":32},"end":{"line":67,"column":38}},{"start":{"line":67,"column":41},"end":{"line":67,"column":47}}],"line":67},"8":{"loc":{"start":{"line":88,"column":13},"end":{"line":88,"column":47}},"type":"cond-expr","locations":[{"start":{"line":88,"column":32},"end":{"line":88,"column":38}},{"start":{"line":88,"column":41},"end":{"line":88,"column":47}}],"line":88}},"s":{"0":3,"1":5},"f":{"0":5},"b":{"0":[0,5],"1":[0,5],"2":[0,5],"3":[0,5],"4":[0,5],"5":[0,5],"6":[0,5],"7":[0,5],"8":[0,5]},"_coverageSchema":"1a1c01bbd47fc00a2c39e90264f33305004495a9","hash":"0270c054d6426c16e06b428e6906dae343d31bd6"}
,"C:\\Projects\\SOEN 390 -2\\SOEN390_PathFinders\\frontend\\app\\components\\context\\ThemeContext.tsx": {"path":"C:\\Projects\\SOEN 390 -2\\SOEN390_PathFinders\\frontend\\app\\components\\context\\ThemeContext.tsx","statementMap":{"0":{"start":{"line":12,"column":21},"end":{"line":12,"column":75}},"1":{"start":{"line":19,"column":59},"end":{"line":47,"column":1}},"2":{"start":{"line":20,"column":28},"end":{"line":20,"column":53}},"3":{"start":{"line":22,"column":2},"end":{"line":35,"column":9}},"4":{"start":{"line":24,"column":21},"end":{"line":33,"column":5}},"5":{"start":{"line":25,"column":6},"end":{"line":32,"column":7}},"6":{"start":{"line":26,"column":27},"end":{"line":26,"column":62}},"7":{"start":{"line":27,"column":8},"end":{"line":29,"column":9}},"8":{"start":{"line":28,"column":10},"end":{"line":28,"column":31}},"9":{"start":{"line":31,"column":8},"end":{"line":31,"column":51}},"10":{"start":{"line":34,"column":4},"end":{"line":34,"column":15}},"11":{"start":{"line":37,"column":22},"end":{"line":40,"column":3}},"12":{"start":{"line":38,"column":4},"end":{"line":38,"column":23}},"13":{"start":{"line":39,"column":4},"end":{"line":39,"column":44}},"14":{"start":{"line":42,"column":2},"end":{"line":46,"column":4}}},"fnMap":{"0":{"name":"(anonymous_0)","decl":{"start":{"line":19,"column":59},"end":{"line":19,"column":60}},"loc":{"start":{"line":19,"column":77},"end":{"line":47,"column":1}},"line":19},"1":{"name":"(anonymous_1)","decl":{"start":{"line":22,"column":12},"end":{"line":22,"column":13}},"loc":{"start":{"line":22,"column":18},"end":{"line":35,"column":3}},"line":22},"2":{"name":"(anonymous_2)","decl":{"start":{"line":24,"column":21},"end":{"line":24,"column":22}},"loc":{"start":{"line":24,"column":33},"end":{"line":33,"column":5}},"line":24},"3":{"name":"(anonymous_3)","decl":{"start":{"line":37,"column":22},"end":{"line":37,"column":23}},"loc":{"start":{"line":37,"column":36},"end":{"line":40,"column":3}},"line":37}},"branchMap":{"0":{"loc":{"start":{"line":27,"column":8},"end":{"line":29,"column":9}},"type":"if","locations":[{"start":{"line":27,"column":8},"end":{"line":29,"column":9}},{"start":{},"end":{}}],"line":27}},"s":{"0":5,"1":5,"2":4,"3":4,"4":0,"5":0,"6":0,"7":0,"8":0,"9":0,"10":0,"11":4,"12":0,"13":0,"14":4},"f":{"0":4,"1":0,"2":0,"3":0},"b":{"0":[0,0]},"_coverageSchema":"1a1c01bbd47fc00a2c39e90264f33305004495a9","hash":"9b962d27ce54e714e6598763c5e66a7853429d30"}
,"C:\\Projects\\SOEN 390 -2\\SOEN390_PathFinders\\frontend\\app\\components\\ui\\AppLogo.tsx": {"path":"C:\\Projects\\SOEN 390 -2\\SOEN390_PathFinders\\frontend\\app\\components\\ui\\AppLogo.tsx","statementMap":{"0":{"start":{"line":8,"column":33},"end":{"line":8,"column":43}},"1":{"start":{"line":9,"column":2},"end":{"line":17,"column":4}},"2":{"start":{"line":19,"column":15},"end":{"line":24,"column":2}}},"fnMap":{"0":{"name":"AppLogo","decl":{"start":{"line":7,"column":24},"end":{"line":7,"column":31}},"loc":{"start":{"line":7,"column":34},"end":{"line":18,"column":1}},"line":7}},"branchMap":{"0":{"loc":{"start":{"line":14,"column":19},"end":{"line":14,"column":53}},"type":"cond-expr","locations":[{"start":{"line":14,"column":38},"end":{"line":14,"column":44}},{"start":{"line":14,"column":47},"end":{"line":14,"column":53}}],"line":14}},"s":{"0":2,"1":2,"2":3},"f":{"0":2},"b":{"0":[0,2]},"_coverageSchema":"1a1c01bbd47fc00a2c39e90264f33305004495a9","hash":"de1de33119d5027f4cf4d699d11aef3d926a042a"}
,"C:\\Projects\\SOEN 390 -2\\SOEN390_PathFinders\\frontend\\app\\components\\ui\\CampusPilotHeader.tsx": {"path":"C:\\Projects\\SOEN 390 -2\\SOEN390_PathFinders\\frontend\\app\\components\\ui\\CampusPilotHeader.tsx","statementMap":{"0":{"start":{"line":10,"column":33},"end":{"line":10,"column":43}},"1":{"start":{"line":11,"column":17},"end":{"line":11,"column":33}},"2":{"start":{"line":13,"column":2},"end":{"line":30,"column":4}},"3":{"start":{"line":32,"column":15},"end":{"line":53,"column":2}}},"fnMap":{"0":{"name":"CampusPilotHeader","decl":{"start":{"line":9,"column":24},"end":{"line":9,"column":41}},"loc":{"start":{"line":9,"column":44},"end":{"line":31,"column":1}},"line":9}},"branchMap":{},"s":{"0":2,"1":2,"2":2,"3":2},"f":{"0":2},"b":{},"_coverageSchema":"1a1c01bbd47fc00a2c39e90264f33305004495a9","hash":"4e308bb9b7db9e7bb8ab0fbbc130350d91fad500"}
,"C:\\Projects\\SOEN 390 -2\\SOEN390_PathFinders\\frontend\\app\\components\\ui\\ThemeToggle.tsx": {"path":"C:\\Projects\\SOEN 390 -2\\SOEN390_PathFinders\\frontend\\app\\components\\ui\\ThemeToggle.tsx","statementMap":{"0":{"start":{"line":9,"column":33},"end":{"line":9,"column":43}},"1":{"start":{"line":10,"column":17},"end":{"line":10,"column":33}},"2":{"start":{"line":12,"column":28},"end":{"line":15,"column":3}},"3":{"start":{"line":13,"column":21},"end":{"line":13,"column":57}},"4":{"start":{"line":14,"column":4},"end":{"line":14,"column":26}},"5":{"start":{"line":17,"column":2},"end":{"line":34,"column":4}}},"fnMap":{"0":{"name":"ThemeToggle","decl":{"start":{"line":8,"column":24},"end":{"line":8,"column":35}},"loc":{"start":{"line":8,"column":38},"end":{"line":35,"column":1}},"line":8},"1":{"name":"(anonymous_1)","decl":{"start":{"line":12,"column":28},"end":{"line":12,"column":29}},"loc":{"start":{"line":12,"column":34},"end":{"line":15,"column":3}},"line":12}},"branchMap":{"0":{"loc":{"start":{"line":13,"column":21},"end":{"line":13,"column":57}},"type":"cond-expr","locations":[{"start":{"line":13,"column":41},"end":{"line":13,"column":47}},{"start":{"line":13,"column":50},"end":{"line":13,"column":57}}],"line":13},"1":{"loc":{"start":{"line":25,"column":14},"end":{"line":27,"column":66}},"type":"cond-expr","locations":[{"start":{"line":26,"column":18},"end":{"line":26,"column":66}},{"start":{"line":27,"column":18},"end":{"line":27,"column":66}}],"line":25},"2":{"loc":{"start":{"line":29,"column":23},"end":{"line":29,"column":57}},"type":"cond-expr","locations":[{"start":{"line":29,"column":42},"end":{"line":29,"column":48}},{"start":{"line":29,"column":51},"end":{"line":29,"column":57}}],"line":29}},"s":{"0":3,"1":3,"2":3,"3":0,"4":0,"5":3},"f":{"0":3,"1":0},"b":{"0":[0,0],"1":[0,3],"2":[0,3]},"_coverageSchema":"1a1c01bbd47fc00a2c39e90264f33305004495a9","hash":"bb1a675b3ecb1d34c054df684b1fcfd52807dc01"}
,"C:\\Projects\\SOEN 390 -2\\SOEN390_PathFinders\\frontend\\app\\drawer\\CustomDrawerContent.tsx": {"path":"C:\\Projects\\SOEN 390 -2\\SOEN390_PathFinders\\frontend\\app\\drawer\\CustomDrawerContent.tsx","statementMap":{"0":{"start":{"line":15,"column":21},"end":{"line":15,"column":36}},"1":{"start":{"line":16,"column":22},"end":{"line":18,"column":3}},"2":{"start":{"line":17,"column":4},"end":{"line":17,"column":53}},"3":{"start":{"line":20,"column":2},"end":{"line":37,"column":4}}},"fnMap":{"0":{"name":"CustomDrawerContent","decl":{"start":{"line":14,"column":24},"end":{"line":14,"column":43}},"loc":{"start":{"line":14,"column":56},"end":{"line":38,"column":1}},"line":14},"1":{"name":"(anonymous_1)","decl":{"start":{"line":16,"column":22},"end":{"line":16,"column":23}},"loc":{"start":{"line":16,"column":28},"end":{"line":18,"column":3}},"line":16}},"branchMap":{},"s":{"0":0,"1":0,"2":0,"3":0},"f":{"0":0,"1":0},"b":{},"_coverageSchema":"1a1c01bbd47fc00a2c39e90264f33305004495a9","hash":"77c295ed3526ca7fef103e93d618c03d3991293e"}
,"C:\\Projects\\SOEN 390 -2\\SOEN390_PathFinders\\frontend\\app\\hooks\\useTheme.ts": {"path":"C:\\Projects\\SOEN 390 -2\\SOEN390_PathFinders\\frontend\\app\\hooks\\useTheme.ts","statementMap":{"0":{"start":{"line":6,"column":17},"end":{"line":14,"column":1}},"1":{"start":{"line":7,"column":18},"end":{"line":7,"column":42}},"2":{"start":{"line":9,"column":2},"end":{"line":11,"column":3}},"3":{"start":{"line":10,"column":4},"end":{"line":10,"column":68}},"4":{"start":{"line":13,"column":2},"end":{"line":13,"column":17}}},"fnMap":{"0":{"name":"(anonymous_0)","decl":{"start":{"line":6,"column":17},"end":{"line":6,"column":18}},"loc":{"start":{"line":6,"column":23},"end":{"line":14,"column":1}},"line":6}},"branchMap":{"0":{"loc":{"start":{"line":9,"column":2},"end":{"line":11,"column":3}},"type":"if","locations":[{"start":{"line":9,"column":2},"end":{"line":11,"column":3}},{"start":{},"end":{}}],"line":9}},"s":{"0":4,"1":7,"2":7,"3":0,"4":7},"f":{"0":7},"b":{"0":[0,7]},"_coverageSchema":"1a1c01bbd47fc00a2c39e90264f33305004495a9","hash":"1f8b9d6529c3565dab848a96ece82d6410c2e7be"}
,"C:\\Projects\\SOEN 390 -2\\SOEN390_PathFinders\\frontend\\assets\\images\\logo.png": {"path":"C:\\Projects\\SOEN 390 -2\\SOEN390_PathFinders\\frontend\\assets\\images\\logo.png","statementMap":{"0":{"start":{"line":1,"column":0},"end":{"line":4,"column":6}}},"fnMap":{},"branchMap":{},"s":{"0":2},"f":{},"b":{},"_coverageSchema":"1a1c01bbd47fc00a2c39e90264f33305004495a9","hash":"c135be26a4e409fb77be82d3b7c1b6c06e883412"}
,"C:\\Projects\\SOEN 390 -2\\SOEN390_PathFinders\\frontend\\assets\\images\\sleep-mode.png": {"path":"C:\\Projects\\SOEN 390 -2\\SOEN390_PathFinders\\frontend\\assets\\images\\sleep-mode.png","statementMap":{"0":{"start":{"line":1,"column":0},"end":{"line":4,"column":6}}},"fnMap":{},"branchMap":{},"s":{"0":3},"f":{},"b":{},"_coverageSchema":"1a1c01bbd47fc00a2c39e90264f33305004495a9","hash":"3f0bd03d1c40ca6c0ee8670b7f3985769bdcc5dc"}
}
