TN:
SF:app\constants.tsx
FNF:0
FNH:0
DA:2,2
LF:1
LH:1
BRF:0
BRH:0
end_of_record
TN:
SF:app\styles.tsx
FN:3,(anonymous_0)
FNF:1
FNH:1
FNDA:11,(anonymous_0)
DA:3,5
DA:4,11
LF:2
LH:2
BRDA:6,0,0,0
BRDA:6,0,1,11
BRDA:15,1,0,0
BRDA:15,1,1,11
BRDA:21,2,0,0
BRDA:21,2,1,11
BRDA:26,3,0,0
BRDA:26,3,1,11
BRDA:33,4,0,0
BRDA:33,4,1,11
BRDA:45,5,0,0
BRDA:45,5,1,11
BRDA:51,6,0,0
BRDA:51,6,1,11
BRDA:67,7,0,0
BRDA:67,7,1,11
BRDA:88,8,0,0
BRDA:88,8,1,11
BRF:18
BRH:9
end_of_record
TN:
SF:app\components\context\ThemeContext.tsx
FN:19,(anonymous_0)
FN:22,(anonymous_1)
FN:24,(anonymous_2)
FN:37,(anonymous_3)
FNF:4
FNH:1
FNDA:6,(anonymous_0)
FNDA:0,(anonymous_1)
FNDA:0,(anonymous_2)
FNDA:0,(anonymous_3)
DA:12,7
DA:19,7
DA:20,6
DA:22,6
DA:24,0
DA:25,0
DA:26,0
DA:27,0
DA:28,0
DA:31,0
DA:34,0
DA:37,6
DA:38,0
DA:39,0
DA:42,6
LF:15
LH:6
BRDA:27,0,0,0
BRDA:27,0,1,0
BRF:2
BRH:0
end_of_record
TN:
SF:app\components\context\userLocationContext.tsx
FN:16,(anonymous_0)
FN:25,(anonymous_1)
FN:37,(anonymous_2)
FNF:3
FNH:2
FNDA:2,(anonymous_0)
FNDA:0,(anonymous_1)
FNDA:2,(anonymous_2)
DA:11,2
DA:16,2
DA:19,2
DA:25,2
DA:26,0
DA:29,2
DA:37,2
DA:38,2
DA:39,2
DA:40,0
DA:42,2
LF:11
LH:9
BRDA:39,0,0,0
BRDA:39,0,1,2
BRF:2
BRH:1
end_of_record
TN:
SF:app\components\maps\OutdoorMap.tsx
FN:13,OutdoorMap
FN:46,(anonymous_1)
FNF:2
FNH:2
FNDA:1,OutdoorMap
FNDA:74,(anonymous_1)
DA:16,1
DA:17,1
DA:19,1
DA:34,1
DA:47,74
DA:74,1
LF:6
LH:6
BRDA:59,0,0,1
BRDA:59,0,1,0
BRDA:59,0,2,0
BRF:3
BRH:1
end_of_record
TN:
SF:app\components\maps\PolygonRender.tsx
FN:8,PolygonRender
FN:17,(anonymous_1)
FNF:2
FNH:0
FNDA:0,PolygonRender
FNDA:0,(anonymous_1)
DA:9,0
DA:15,0
DA:19,0
DA:24,0
LF:4
LH:0
BRDA:29,0,0,0
BRDA:29,0,1,0
BRDA:31,1,0,0
BRDA:31,1,1,0
BRDA:36,2,0,0
BRDA:36,2,1,0
BRDA:38,3,0,0
BRDA:38,3,1,0
BRF:8
BRH:0
end_of_record
TN:
SF:app\components\maps\building_outlines.tsx
FNF:0
FNH:0
DA:3,1
LF:1
LH:1
BRF:0
BRH:0
end_of_record
TN:
SF:app\components\maps\concordiaBuildings.ts
FNF:0
FNH:0
DA:2,1
LF:1
LH:1
BRF:0
BRH:0
end_of_record
TN:
SF:app\components\ui\AppLogo.tsx
FN:7,AppLogo
FNF:1
FNH:1
FNDA:4,AppLogo
DA:8,4
DA:9,4
DA:19,5
LF:3
LH:3
BRDA:14,0,0,0
BRDA:14,0,1,4
BRF:2
BRH:1
end_of_record
TN:
SF:app\components\ui\CampusPilotHeader.tsx
FN:9,CampusPilotHeader
FNF:1
FNH:1
FNDA:4,CampusPilotHeader
DA:10,4
DA:11,4
DA:13,4
DA:32,4
LF:4
LH:4
BRF:0
BRH:0
end_of_record
TN:
SF:app\components\ui\CampusToggle.tsx
FN:4,(anonymous_0)
FN:13,(anonymous_1)
FN:22,(anonymous_2)
FNF:3
FNH:1
FNDA:1,(anonymous_0)
FNDA:0,(anonymous_1)
FNDA:0,(anonymous_2)
DA:4,1
DA:6,1
DA:13,0
DA:22,0
DA:30,1
LF:5
LH:3
BRDA:11,0,0,1
BRDA:11,0,1,0
BRDA:20,1,0,0
BRDA:20,1,1,1
BRF:4
BRH:2
end_of_record
TN:
SF:app\components\ui\ConcordiaShuttleTimes.tsx
FN:78,(anonymous_0)
FN:96,(anonymous_1)
FN:102,(anonymous_2)
FN:114,(anonymous_3)
FN:116,(anonymous_4)
FN:124,(anonymous_5)
FN:132,ConcordiaShuttleTimes
FN:137,(anonymous_7)
FN:138,(anonymous_8)
FN:139,(anonymous_9)
FN:143,(anonymous_10)
FN:164,(anonymous_11)
FNF:12
FNH:9
FNDA:339,(anonymous_0)
FNDA:4,(anonymous_1)
FNDA:7,(anonymous_2)
FNDA:5,(anonymous_3)
FNDA:165,(anonymous_4)
FNDA:165,(anonymous_5)
FNDA:3,ConcordiaShuttleTimes
FNDA:3,(anonymous_7)
FNDA:0,(anonymous_8)
FNDA:0,(anonymous_9)
FNDA:3,(anonymous_10)
FNDA:0,(anonymous_11)
DA:5,1
DA:41,1
DA:78,1
DA:79,339
DA:81,339
DA:89,2
DA:92,337
DA:96,1
DA:97,4
DA:102,1
DA:104,7
DA:108,7
DA:111,7
DA:114,1
DA:115,5
DA:117,165
DA:118,165
DA:123,5
DA:125,165
DA:126,165
DA:129,5
DA:133,3
DA:134,3
DA:137,3
DA:138,3
DA:139,0
DA:140,0
DA:143,3
DA:146,3
DA:165,0
DA:166,0
DA:167,0
DA:170,0
DA:174,0
DA:229,1
LF:35
LH:28
BRDA:81,0,0,2
BRDA:81,0,1,337
BRDA:82,1,0,339
BRDA:82,1,1,338
BRDA:82,1,2,338
BRDA:82,1,3,338
BRDA:82,1,4,337
BRDA:82,1,5,337
BRDA:104,2,0,1
BRDA:104,2,1,6
BRDA:108,3,0,1
BRDA:108,3,1,6
BRDA:167,4,0,0
BRDA:167,4,1,0
BRDA:170,5,0,0
BRDA:170,5,1,0
BRDA:177,6,0,0
BRDA:177,6,1,0
BRDA:183,7,0,0
BRDA:183,7,1,0
BRDA:185,8,0,0
BRDA:185,8,1,0
BRDA:190,9,0,0
BRDA:190,9,1,0
BRDA:192,10,0,0
BRDA:192,10,1,0
BRDA:200,11,0,0
BRDA:200,11,1,0
BRDA:206,12,0,0
BRDA:206,12,1,0
BRDA:208,13,0,0
BRDA:208,13,1,0
BRDA:213,14,0,0
BRDA:213,14,1,0
BRDA:215,15,0,0
BRDA:215,15,1,0
BRF:36
BRH:12
end_of_record
TN:
SF:app\components\ui\ThemeToggle.tsx
FN:8,ThemeToggle
FN:12,(anonymous_1)
FNF:2
FNH:1
FNDA:5,ThemeToggle
FNDA:0,(anonymous_1)
DA:9,5
DA:10,5
DA:12,5
DA:13,0
DA:14,0
DA:17,5
LF:6
LH:4
BRDA:13,0,0,0
BRDA:13,0,1,0
BRDA:25,1,0,0
BRDA:25,1,1,5
BRDA:29,2,0,0
BRDA:29,2,1,5
BRF:6
BRH:2
end_of_record
TN:
SF:app\drawer\CustomDrawerContent.tsx
FN:14,CustomDrawerContent
FN:16,(anonymous_1)
FNF:2
FNH:0
FNDA:0,CustomDrawerContent
FNDA:0,(anonymous_1)
DA:15,0
DA:16,0
DA:17,0
DA:20,0
LF:4
LH:0
BRF:0
BRH:0
end_of_record
TN:
SF:app\hooks\useTheme.ts
FN:6,(anonymous_0)
FNF:1
FNH:1
FNDA:17,(anonymous_0)
DA:6,6
DA:7,17
DA:9,15
DA:10,0
DA:13,15
LF:5
LH:4
BRDA:9,0,0,0
BRDA:9,0,1,15
BRF:2
BRH:1
end_of_record
TN:
SF:app\screens\CampusMap.tsx
FN:13,CampusMap
FN:19,(anonymous_1)
FNF:2
FNH:1
FNDA:2,CampusMap
FNDA:0,(anonymous_1)
DA:14,2
DA:15,1
DA:17,1
DA:19,1
DA:20,0
DA:22,1
LF:6
LH:5
BRF:0
BRH:0
end_of_record
TN:
SF:app\screens\OutdoorDirections.tsx
FN:13,OutdoorDirections
FN:32,(anonymous_1)
FN:47,(anonymous_2)
FN:74,(anonymous_3)
FN:86,(anonymous_4)
FN:101,(anonymous_5)
FN:123,(anonymous_6)
FN:131,(anonymous_7)
FN:139,(anonymous_8)
FNF:9
FNH:1
FNDA:2,OutdoorDirections
FNDA:0,(anonymous_1)
FNDA:0,(anonymous_2)
FNDA:0,(anonymous_3)
FNDA:0,(anonymous_4)
FNDA:0,(anonymous_5)
FNDA:0,(anonymous_6)
FNDA:0,(anonymous_7)
FNDA:0,(anonymous_8)
DA:14,2
DA:15,1
DA:17,1
DA:18,1
DA:19,1
DA:22,1
DA:23,1
DA:25,1
DA:28,1
DA:29,1
DA:32,1
DA:33,0
DA:34,0
DA:35,0
DA:36,0
DA:38,0
DA:47,1
DA:48,0
DA:50,0
DA:51,0
DA:52,0
DA:53,0
DA:54,0
DA:55,0
DA:59,1
DA:75,0
DA:76,0
DA:86,0
DA:102,0
DA:103,0
DA:123,0
DA:131,0
DA:139,0
DA:158,1
LF:34
LH:14
BRDA:33,0,0,0
BRDA:33,0,1,0
BRDA:33,1,0,0
BRDA:33,1,1,0
BRDA:50,2,0,0
BRDA:50,2,1,0
BRDA:53,3,0,0
BRDA:53,3,1,0
BRDA:74,4,0,0
BRDA:101,5,0,0
BRDA:122,6,0,1
BRDA:122,6,1,1
BRDA:125,7,0,1
BRDA:125,7,1,0
BRDA:130,8,0,1
BRDA:130,8,1,0
BRDA:133,9,0,0
BRDA:133,9,1,1
BRDA:138,10,0,1
BRDA:138,10,1,0
BRDA:141,11,0,0
BRDA:141,11,1,1
BRF:22
BRH:7
end_of_record
TN:
SF:assets\images\logo.png
FNF:0
FNH:0
DA:1,4
LF:1
LH:1
BRF:0
BRH:0
end_of_record
TN:
SF:assets\images\sleep-mode.png
FNF:0
FNH:0
DA:1,5
LF:1
LH:1
BRF:0
BRH:0
end_of_record
