TN:
SF:app/components/ui/ConcordiaShuttleTimes.tsx
FN:78,(anonymous_0)
FN:96,(anonymous_1)
FN:102,(anonymous_2)
FN:114,(anonymous_3)
FN:116,(anonymous_4)
FN:124,(anonymous_5)
FN:132,ConcordiaShuttleTimes
FN:137,(anonymous_7)
FN:138,(anonymous_8)
FN:139,(anonymous_9)
FN:143,(anonymous_10)
FN:164,(anonymous_11)
FNF:12
FNH:10
FNDA:206,(anonymous_0)
FNDA:2,(anonymous_1)
FNDA:5,(anonymous_2)
FNDA:3,(anonymous_3)
FNDA:99,(anonymous_4)
FNDA:99,(anonymous_5)
FNDA:1,ConcordiaShuttleTimes
FNDA:1,(anonymous_7)
FNDA:0,(anonymous_8)
FNDA:0,(anonymous_9)
FNDA:1,(anonymous_10)
FNDA:1,(anonymous_11)
DA:5,1
DA:41,1
DA:78,1
DA:79,206
DA:81,206
DA:89,2
DA:92,204
DA:96,1
DA:97,2
DA:102,1
DA:104,5
DA:108,5
DA:111,5
DA:114,1
DA:115,3
DA:117,99
DA:118,99
DA:123,3
DA:125,99
DA:126,99
DA:129,3
DA:133,1
DA:134,1
DA:137,1
DA:138,1
DA:139,0
DA:140,0
DA:143,1
DA:146,1
DA:165,1
DA:166,1
DA:167,1
DA:170,1
DA:174,1
DA:229,1
LF:35
LH:33
BRDA:81,0,0,2
BRDA:81,0,1,204
BRDA:82,1,0,206
BRDA:82,1,1,205
BRDA:82,1,2,205
BRDA:82,1,3,205
BRDA:82,1,4,204
BRDA:82,1,5,204
BRDA:104,2,0,1
BRDA:104,2,1,4
BRDA:108,3,0,1
BRDA:108,3,1,4
BRDA:167,4,0,0
BRDA:167,4,1,1
BRDA:170,5,0,1
BRDA:170,5,1,0
BRDA:177,6,0,1
BRDA:177,6,1,0
BRDA:183,7,0,0
BRDA:183,7,1,0
BRDA:185,8,0,0
BRDA:185,8,1,0
BRDA:190,9,0,0
BRDA:190,9,1,0
BRDA:192,10,0,0
BRDA:192,10,1,0
BRDA:200,11,0,1
BRDA:200,11,1,1
BRDA:206,12,0,0
BRDA:206,12,1,1
BRDA:208,13,0,0
BRDA:208,13,1,1
BRDA:213,14,0,0
BRDA:213,14,1,1
BRDA:215,15,0,0
BRDA:215,15,1,1
BRF:36
BRH:21
end_of_record
TN:
SF:components/ThemedText.tsx
FN:11,ThemedText
FNF:1
FNH:1
FNDA:1,ThemedText
DA:18,1
DA:20,1
DA:36,1
LF:3
LH:3
BRDA:15,0,0,1
BRDA:24,1,0,1
BRDA:24,1,1,0
BRDA:25,2,0,0
BRDA:25,2,1,1
BRDA:26,3,0,0
BRDA:26,3,1,1
BRDA:27,4,0,0
BRDA:27,4,1,1
BRDA:28,5,0,0
BRDA:28,5,1,1
BRF:11
BRH:6
end_of_record
TN:
SF:constants/Colors.ts
FNF:0
FNH:0
DA:6,1
DA:7,1
DA:9,1
LF:3
LH:3
BRF:0
BRH:0
end_of_record
TN:
SF:hooks/useColorScheme.ts
FNF:0
FNH:0
LF:0
LH:0
BRF:0
BRH:0
end_of_record
TN:
SF:hooks/useThemeColor.ts
FN:9,useThemeColor
FNF:1
FNH:1
FNDA:1,useThemeColor
DA:13,1
DA:14,1
DA:16,1
DA:17,0
DA:19,1
LF:5
LH:4
BRDA:13,0,0,1
BRDA:13,0,1,0
BRDA:16,1,0,0
BRDA:16,1,1,1
BRF:4
BRH:2
end_of_record
